<?xml version="1.0" encoding="UTF-8"?>
<testng-results ignored="0" total="1" passed="1" failed="0" skipped="0">
  <reporter-output>
  </reporter-output>
  <suite started-at="2025-01-10T13:21:58 IST" name="Default suite" finished-at="2025-01-10T13:21:58 IST" duration-ms="43">
    <groups>
    </groups>
    <test started-at="2025-01-10T13:21:58 IST" name="Default test" finished-at="2025-01-10T13:21:58 IST" duration-ms="43">
      <class name="testjava.Testclass">
        <test-method signature="a()[pri:0, instance:testjava.Testclass@505fc5a4]" started-at="2025-01-10T13:21:58 IST" name="a" finished-at="2025-01-10T13:21:58 IST" duration-ms="9" status="PASS">
          <reporter-output>
          </reporter-output>
        </test-method> <!-- a -->
      </class> <!-- testjava.Testclass -->
    </test> <!-- Default test -->
  </suite> <!-- Default suite -->
</testng-results>
